<?xml version="1.0" encoding="UTF-8"?>
<!-- Generated by org.testng.reporters.JUnitXMLReporter -->
<testsuite ignored="0" hostname="DESKTOP-3R0RSV9" failures="0" tests="16" name="Default test" time="0.694" errors="0" timestamp="2023-09-28T17:34:18 IST">
  <testcase classname="sc.utilities.BaseSetup" name="@BeforeClass setUp" time="0.627">
    <failure type="java.lang.AssertionError" message="Exception occured while invoking browser, Exception message:Could not start a new session. Possible causes are invalid address of the remote server or browser start-up failure.">
      <![CDATA[java.lang.AssertionError: Exception occured while invoking browser, Exception message:Could not start a new session. Possible causes are invalid address of the remote server or browser start-up failure.
at org.testng.Assert.fail(Assert.java:99)
at sc.utilities.BaseSetup.setUp(BaseSetup.java:114)
at java.base/jdk.internal.reflect.NativeMethodAccessorImpl.invoke0(Native Method)
at java.base/jdk.internal.reflect.NativeMethodAccessorImpl.invoke(NativeMethodAccessorImpl.java:77)
at java.base/jdk.internal.reflect.DelegatingMethodAccessorImpl.invoke(DelegatingMethodAccessorImpl.java:43)
at java.base/java.lang.reflect.Method.invoke(Method.java:568)
at org.testng.internal.MethodInvocationHelper.invokeMethod(MethodInvocationHelper.java:132)
at org.testng.internal.MethodInvocationHelper.invokeMethodConsideringTimeout(MethodInvocationHelper.java:61)
at org.testng.internal.ConfigInvoker.invokeConfigurationMethod(ConfigInvoker.java:366)
at org.testng.internal.ConfigInvoker.invokeConfigurations(ConfigInvoker.java:320)
at org.testng.internal.TestMethodWorker.invokeBeforeClassMethods(TestMethodWorker.java:176)
at org.testng.internal.TestMethodWorker.run(TestMethodWorker.java:122)
at java.base/java.util.ArrayList.forEach(ArrayList.java:1511)
at org.testng.TestRunner.privateRun(TestRunner.java:764)
at org.testng.TestRunner.run(TestRunner.java:585)
at org.testng.SuiteRunner.runTest(SuiteRunner.java:384)
at org.testng.SuiteRunner.runSequentially(SuiteRunner.java:378)
at org.testng.SuiteRunner.privateRun(SuiteRunner.java:337)
at org.testng.SuiteRunner.run(SuiteRunner.java:286)
at org.testng.SuiteRunnerWorker.runSuite(SuiteRunnerWorker.java:53)
at org.testng.SuiteRunnerWorker.run(SuiteRunnerWorker.java:96)
at org.testng.TestNG.runSuitesSequentially(TestNG.java:1218)
at org.testng.TestNG.runSuitesLocally(TestNG.java:1140)
at org.testng.TestNG.runSuites(TestNG.java:1069)
at org.testng.TestNG.run(TestNG.java:1037)
at org.testng.remote.AbstractRemoteTestNG.run(AbstractRemoteTestNG.java:115)
at org.testng.remote.RemoteTestNG.initAndRun(RemoteTestNG.java:251)
at org.testng.remote.RemoteTestNG.main(RemoteTestNG.java:77)
]]>
    </failure>
  </testcase> <!-- @BeforeClass setUp -->
  <testcase classname="sc.testSuite.POShipmentTestCases" name="@BeforeMethod intialize" time="-1.695902658485E9">
    <skipped/>
  </testcase> <!-- @BeforeMethod intialize -->
  <testcase classname="sc.testSuite.POShipmentTestCases" name="@BeforeMethod intialize" time="-1.695902658489E9">
    <skipped/>
  </testcase> <!-- @BeforeMethod intialize -->
  <testcase classname="sc.testSuite.POShipmentTestCases" name="@BeforeMethod intialize" time="-1.695902658492E9">
    <skipped/>
  </testcase> <!-- @BeforeMethod intialize -->
  <testcase classname="sc.testSuite.POShipmentTestCases" name="@BeforeMethod intialize" time="-1.695902658495E9">
    <skipped/>
  </testcase> <!-- @BeforeMethod intialize -->
  <testcase classname="sc.testSuite.POShipmentTestCases" name="@BeforeMethod intialize" time="-1.695902658498E9">
    <skipped/>
  </testcase> <!-- @BeforeMethod intialize -->
  <testcase classname="sc.testSuite.POShipmentTestCases" name="@BeforeMethod intialize" time="-1.6959026585E9">
    <skipped/>
  </testcase> <!-- @BeforeMethod intialize -->
  <testcase classname="sc.testSuite.POShipmentTestCases" name="@BeforeMethod intialize" time="-1.695902658502E9">
    <skipped/>
  </testcase> <!-- @BeforeMethod intialize -->
  <testcase classname="sc.testSuite.POShipmentTestCases" name="@BeforeMethod intialize" time="-1.695902658505E9">
    <skipped/>
  </testcase> <!-- @BeforeMethod intialize -->
  <testcase classname="sc.testSuite.POShipmentTestCases" name="@BeforeMethod intialize" time="-1.695902658509E9">
    <skipped/>
  </testcase> <!-- @BeforeMethod intialize -->
  <testcase classname="sc.testSuite.POShipmentTestCases" name="@BeforeMethod intialize" time="-1.695902658512E9">
    <skipped/>
  </testcase> <!-- @BeforeMethod intialize -->
  <testcase classname="sc.testSuite.POShipmentTestCases" name="@BeforeMethod intialize" time="-1.695902658515E9">
    <skipped/>
  </testcase> <!-- @BeforeMethod intialize -->
  <testcase classname="sc.testSuite.POShipmentTestCases" name="@BeforeMethod intialize" time="-1.695902658518E9">
    <skipped/>
  </testcase> <!-- @BeforeMethod intialize -->
  <testcase classname="sc.testSuite.POShipmentTestCases" name="@BeforeMethod intialize" time="-1.695902658522E9">
    <skipped/>
  </testcase> <!-- @BeforeMethod intialize -->
  <testcase classname="sc.testSuite.POShipmentTestCases" name="@BeforeMethod intialize" time="-1.695902658525E9">
    <skipped/>
  </testcase> <!-- @BeforeMethod intialize -->
  <testcase classname="sc.testSuite.POShipmentTestCases" name="@BeforeMethod intialize" time="-1.695902658528E9">
    <skipped/>
  </testcase> <!-- @BeforeMethod intialize -->
  <testcase classname="sc.testSuite.POShipmentTestCases" name="@BeforeMethod intialize" time="-1.69590265853E9">
    <skipped/>
  </testcase> <!-- @BeforeMethod intialize -->
  <testcase classname="sc.testSuite.POShipmentTestCases" name="TC_0055_verifyShipmentSection on [POShipmentTestCases passed=0 failed=0 skipped=0]" time="0.0">
    <skipped/>
  </testcase> <!-- TC_0055_verifyShipmentSection on [POShipmentTestCases passed=0 failed=0 skipped=0] -->
  <testcase classname="sc.testSuite.POShipmentTestCases" name="TC_0056_createShipmentWithCasePackedAndSPD on [POShipmentTestCases passed=0 failed=0 skipped=0]" time="0.0">
    <skipped/>
  </testcase> <!-- TC_0056_createShipmentWithCasePackedAndSPD on [POShipmentTestCases passed=0 failed=0 skipped=0] -->
  <testcase classname="sc.testSuite.POShipmentTestCases" name="TC_0057_createShipmentWithCasePackedAndLTL on [POShipmentTestCases passed=0 failed=0 skipped=0]" time="0.0">
    <skipped/>
  </testcase> <!-- TC_0057_createShipmentWithCasePackedAndLTL on [POShipmentTestCases passed=0 failed=0 skipped=0] -->
  <testcase classname="sc.testSuite.POShipmentTestCases" name="TC_0058_createShipmentWithIndividualAndSPD on [POShipmentTestCases passed=0 failed=0 skipped=0]" time="0.0">
    <skipped/>
  </testcase> <!-- TC_0058_createShipmentWithIndividualAndSPD on [POShipmentTestCases passed=0 failed=0 skipped=0] -->
  <testcase classname="sc.testSuite.POShipmentTestCases" name="TC_0059_createShipmentWithIndvidualAndLTL on [POShipmentTestCases passed=0 failed=0 skipped=0]" time="0.0">
    <skipped/>
  </testcase> <!-- TC_0059_createShipmentWithIndvidualAndLTL on [POShipmentTestCases passed=0 failed=0 skipped=0] -->
  <testcase classname="sc.testSuite.POShipmentTestCases" name="TC_0060_addItemsToTheShipmentAndVerify on [POShipmentTestCases passed=0 failed=0 skipped=0]" time="0.0">
    <skipped/>
  </testcase> <!-- TC_0060_addItemsToTheShipmentAndVerify on [POShipmentTestCases passed=0 failed=0 skipped=0] -->
  <testcase classname="sc.testSuite.POShipmentTestCases" name="TC_0061_verifyTheAddedUnitsValue on [POShipmentTestCases passed=0 failed=0 skipped=0]" time="0.0">
    <skipped/>
  </testcase> <!-- TC_0061_verifyTheAddedUnitsValue on [POShipmentTestCases passed=0 failed=0 skipped=0] -->
  <testcase classname="sc.testSuite.POShipmentTestCases" name="TC_0062_verifyTheSuggestedASINQuantityValue on [POShipmentTestCases passed=0 failed=0 skipped=0]" time="0.0">
    <skipped/>
  </testcase> <!-- TC_0062_verifyTheSuggestedASINQuantityValue on [POShipmentTestCases passed=0 failed=0 skipped=0] -->
  <testcase classname="sc.testSuite.POShipmentTestCases" name="TC_0063_verifyTheInvoiceCSValue on [POShipmentTestCases passed=0 failed=0 skipped=0]" time="0.0">
    <skipped/>
  </testcase> <!-- TC_0063_verifyTheInvoiceCSValue on [POShipmentTestCases passed=0 failed=0 skipped=0] -->
  <testcase classname="sc.testSuite.POShipmentTestCases" name="TC_0064_verifyTheInvoiceEAValue on [POShipmentTestCases passed=0 failed=0 skipped=0]" time="0.0">
    <skipped/>
  </testcase> <!-- TC_0064_verifyTheInvoiceEAValue on [POShipmentTestCases passed=0 failed=0 skipped=0] -->
  <testcase classname="sc.testSuite.POShipmentTestCases" name="TC_0065_verifyTheReceivedCSValue on [POShipmentTestCases passed=0 failed=0 skipped=0]" time="0.0">
    <skipped/>
  </testcase> <!-- TC_0065_verifyTheReceivedCSValue on [POShipmentTestCases passed=0 failed=0 skipped=0] -->
  <testcase classname="sc.testSuite.POShipmentTestCases" name="TC_0066_verifyTheInvoiceCSCost on [POShipmentTestCases passed=0 failed=0 skipped=0]" time="0.0">
    <skipped/>
  </testcase> <!-- TC_0066_verifyTheInvoiceCSCost on [POShipmentTestCases passed=0 failed=0 skipped=0] -->
  <testcase classname="sc.testSuite.POShipmentTestCases" name="TC_0066_verifyTheInvoiceEACost on [POShipmentTestCases passed=0 failed=0 skipped=0]" time="0.0">
    <skipped/>
  </testcase> <!-- TC_0066_verifyTheInvoiceEACost on [POShipmentTestCases passed=0 failed=0 skipped=0] -->
  <testcase classname="sc.testSuite.POShipmentTestCases" name="TC_0066_verifyTheReceivedEAValue on [POShipmentTestCases passed=0 failed=0 skipped=0]" time="0.0">
    <skipped/>
  </testcase> <!-- TC_0066_verifyTheReceivedEAValue on [POShipmentTestCases passed=0 failed=0 skipped=0] -->
  <testcase classname="sc.testSuite.POShipmentTestCases" name="TC_0067_submitPlanAndVerifyThatAmazonshipmentIsCreatedWithoutOptimization on [POShipmentTestCases passed=0 failed=0 skipped=0]" time="0.0">
    <skipped/>
  </testcase> <!-- TC_0067_submitPlanAndVerifyThatAmazonshipmentIsCreatedWithoutOptimization on [POShipmentTestCases passed=0 failed=0 skipped=0] -->
  <testcase classname="sc.testSuite.POShipmentTestCases" name="TC_0068_submitPlanAndVerifyThatAmazonshipmentIsCreatedWithOptimization on [POShipmentTestCases passed=0 failed=0 skipped=0]" time="0.0">
    <skipped/>
  </testcase> <!-- TC_0068_submitPlanAndVerifyThatAmazonshipmentIsCreatedWithOptimization on [POShipmentTestCases passed=0 failed=0 skipped=0] -->
</testsuite> <!-- Default test -->
